<?xml version="1.0" encoding="UTF-8"?>
<!-- Generated by org.testng.reporters.JUnitXMLReporter -->
<testsuite ignored="1" hostname="DESKTOP-3MV9EFC" failures="0" tests="1" name="edge-test" time="41.955" errors="0" timestamp="2025-06-26T15:41:48 IST">
  <testcase classname="com.datadriventesting.MyDataDrivenTest" name="verifyIfProductIsNoteDeliverableInArea" time="41.833"/>
  <testcase classname="com.datadriventesting.MyDataDrivenTest" name="verifyIfProductIsDeliverableInArea" time="0.0">
    <ignored/>
  </testcase> <!-- verifyIfProductIsDeliverableInArea -->
</testsuite> <!-- edge-test -->
