<?xml version="1.0" encoding="UTF-8"?>
<!-- Generated by org.testng.reporters.JUnitXMLReporter -->
<testsuite ignored="1" hostname="DESKTOP-3MV9EFC" failures="0" tests="1" name="firefox-test" time="38.246" errors="0" timestamp="2025-06-26T15:41:44 IST">
  <testcase classname="com.datadriventesting.MyDataDrivenTest" name="verifyIfProductIsNoteDeliverableInArea" time="38.11"/>
  <testcase classname="com.datadriventesting.MyDataDrivenTest" name="verifyIfProductIsDeliverableInArea" time="0.0">
    <ignored/>
  </testcase> <!-- verifyIfProductIsDeliverableInArea -->
</testsuite> <!-- firefox-test -->
