<?xml version="1.0" encoding="UTF-8"?>
<testng-results ignored="0" total="1" passed="1" failed="0" skipped="0">
  <reporter-output>
  </reporter-output>
  <suite started-at="2025-06-27T00:24:25 IST" name="Default suite" finished-at="2025-06-27T00:25:25 IST" duration-ms="59552">
    <groups>
    </groups>
    <test started-at="2025-06-27T00:24:25 IST" name="Default test" finished-at="2025-06-27T00:25:25 IST" duration-ms="59552">
      <class name="com.skillio.HomePageForGoIBIBO">
        <test-method signature="verifyOneStopFilteredFlights()[pri:0, instance:com.skillio.HomePageForGoIBIBO@368f2016]" started-at="2025-06-27T00:24:25 IST" name="verifyOneStopFilteredFlights" finished-at="2025-06-27T00:25:25 IST" duration-ms="59468" status="PASS">
          <reporter-output>
          </reporter-output>
        </test-method> <!-- verifyOneStopFilteredFlights -->
      </class> <!-- com.skillio.HomePageForGoIBIBO -->
    </test> <!-- Default test -->
  </suite> <!-- Default suite -->
</testng-results>
